<?xml version="1.0" encoding="UTF-8"?>
<!-- Generated by org.testng.reporters.JUnitXMLReporter -->
<testsuite ignored="0" hostname="MuzammilLaptop" failures="0" tests="20" name="Functional Test" time="45.567" errors="0" timestamp="2023-02-11T17:58:14 IST">
  <testcase classname="basic_cal.division" name="setup" time="2.424"/>
  <testcase classname="basic_cal.division" name="division_TC_01" time="0.897"/>
  <testcase classname="basic_cal.division" name="division_TC_02" time="1.331"/>
  <testcase classname="basic_cal.division" name="division_TC_03" time="1.025"/>
  <testcase classname="basic_cal.multiplication" name="setup" time="2.93"/>
  <testcase classname="basic_cal.multiplication" name="multiplication_TC_01" time="0.808"/>
  <testcase classname="basic_cal.multiplication" name="multiplication_TC_02" time="0.66"/>
  <testcase classname="basic_cal.multiplication" name="multiplication_TC_03" time="0.683"/>
  <testcase classname="basic_cal.addition" name="setup" time="2.635"/>
  <testcase classname="basic_cal.addition" name="addition_TC_01" time="0.773"/>
  <testcase classname="basic_cal.addition" name="addition_TC_02" time="0.503"/>
  <testcase classname="basic_cal.addition" name="addition_TC_03" time="0.557"/>
  <testcase classname="basic_cal.subtraction" name="setup" time="1.352"/>
  <testcase classname="basic_cal.subtraction" name="subtraction_TC_01" time="0.678"/>
  <testcase classname="basic_cal.subtraction" name="subtraction_TC_02" time="0.421"/>
  <testcase classname="basic_cal.subtraction" name="subtraction_TC_03" time="0.503"/>
  <testcase classname="basic_cal.modulos" name="setup" time="0.841"/>
  <testcase classname="basic_cal.modulos" name="modulos_TC_01" time="0.852"/>
  <testcase classname="basic_cal.modulos" name="modulos_TC_02" time="0.372"/>
  <testcase classname="basic_cal.modulos" name="modulos_TC_03" time="0.495"/>
</testsuite> <!-- Functional Test -->
