<?xml version="1.0" encoding="UTF-8"?>
<!-- Generated by org.testng.reporters.JUnitXMLReporter -->
<testsuite ignored="0" hostname="MuzammilLaptop" failures="0" tests="8" name="regression" time="5.979" errors="0" timestamp="2023-01-29T19:33:44 IST">
  <testcase classname="basic_cal.addition" name="setup" time="1.671"/>
  <testcase classname="basic_cal.addition" name="addition_TC_01" time="0.659"/>
  <testcase classname="basic_cal.addition" name="addition_TC_02" time="0.511"/>
  <testcase classname="basic_cal.addition" name="addition_TC_03" time="0.47"/>
  <testcase classname="basic_cal.subtraction" name="setup" time="0.828"/>
  <testcase classname="basic_cal.subtraction" name="subtraction_TC_01" time="0.572"/>
  <testcase classname="basic_cal.subtraction" name="subtraction_TC_02" time="0.358"/>
  <testcase classname="basic_cal.subtraction" name="subtraction_TC_03" time="0.44"/>
</testsuite> <!-- regression -->
