<?xml version="1.0" encoding="UTF-8"?>
<!-- Generated by org.testng.reporters.JUnitXMLReporter -->
<testsuite ignored="0" hostname="MuzammilLaptop" failures="0" tests="4" name="Command line test" time="4.856" errors="0" timestamp="2023-02-12T16:00:13 IST">
  <testcase classname="basic_cal.addition" name="setup" time="3.113"/>
  <testcase classname="basic_cal.addition" name="addition_TC_01" time="0.513"/>
  <testcase classname="basic_cal.addition" name="addition_TC_02" time="0.406"/>
  <testcase classname="basic_cal.addition" name="addition_TC_03" time="0.432"/>
</testsuite> <!-- Command line test -->
