<?xml version="1.0" encoding="UTF-8"?>
<testng-results ignored="0" total="4" passed="4" failed="0" skipped="0">
  <reporter-output>
  </reporter-output>
  <suite started-at="2023-02-12T16:00:08 IST" name="Command line suite" finished-at="2023-02-12T16:00:13 IST" duration-ms="4856">
    <groups>
    </groups>
    <test started-at="2023-02-12T16:00:08 IST" name="Command line test" finished-at="2023-02-12T16:00:13 IST" duration-ms="4856">
      <class name="basic_cal.addition">
        <test-method signature="setup()[pri:0, instance:basic_cal.addition@6c451c9c]" started-at="2023-02-12T16:00:08 IST" name="setup" finished-at="2023-02-12T16:00:11 IST" duration-ms="3113" status="PASS">
          <reporter-output>
          </reporter-output>
        </test-method> <!-- setup -->
        <test-method signature="addition_TC_01()[pri:0, instance:basic_cal.addition@6c451c9c]" started-at="2023-02-12T16:00:11 IST" name="addition_TC_01" finished-at="2023-02-12T16:00:12 IST" depends-on-methods="basic_cal.addition.setup" duration-ms="513" status="PASS">
          <reporter-output>
          </reporter-output>
        </test-method> <!-- addition_TC_01 -->
        <test-method signature="addition_TC_02()[pri:0, instance:basic_cal.addition@6c451c9c]" started-at="2023-02-12T16:00:12 IST" name="addition_TC_02" finished-at="2023-02-12T16:00:12 IST" depends-on-methods="basic_cal.addition.setup" duration-ms="406" status="PASS">
          <reporter-output>
          </reporter-output>
        </test-method> <!-- addition_TC_02 -->
        <test-method signature="addition_TC_03()[pri:0, instance:basic_cal.addition@6c451c9c]" started-at="2023-02-12T16:00:12 IST" name="addition_TC_03" finished-at="2023-02-12T16:00:13 IST" depends-on-methods="basic_cal.addition.setup" duration-ms="432" status="PASS">
          <reporter-output>
          </reporter-output>
        </test-method> <!-- addition_TC_03 -->
        <test-method is-config="true" signature="tear()[pri:0, instance:basic_cal.addition@6c451c9c]" started-at="2023-02-12T16:00:13 IST" name="tear" finished-at="2023-02-12T16:00:13 IST" duration-ms="294" status="PASS">
          <reporter-output>
          </reporter-output>
        </test-method> <!-- tear -->
      </class> <!-- basic_cal.addition -->
    </test> <!-- Command line test -->
  </suite> <!-- Command line suite -->
</testng-results>
